<?xml version="1.0" encoding="utf-8"?><testsuites><testsuite name="pytest" errors="0" failures="0" skipped="0" tests="3" time="1.255" timestamp="2024-03-31T09:38:03.082123" hostname="8f81f7f46c64"><testcase classname="test.test_prediction" name="test_single_pred_not_none" time="0.018" /><testcase classname="test.test_prediction" name="test_single_pred_str_type" time="0.016" /><testcase classname="test.test_prediction" name="test_single_pred_validate" time="0.020" /></testsuite></testsuites>